<?xml version="1.0" encoding="UTF-8"?>
<testsuite xmlns:xsi="http://www.w3.org/2001/XMLSchema-instance" xsi:noNamespaceSchemaLocation="https://maven.apache.org/surefire/maven-surefire-plugin/xsd/surefire-test-report.xsd" version="3.0.2" name="org.infosys.AppTest" time="0.039" tests="7" errors="0" skipped="1" failures="0">
  <properties>
[...]
</properties>
  <testcase name="testAdd" classname="org.infosys.AppTest" time="0.013"/>
  <testcase name="isSame" classname="org.infosys.AppTest" time="0.001"/>
  <testcase name="testDivException" classname="org.infosys.AppTest" time="0.001"/>
  <testcase name="testFail" classname="org.infosys.AppTest" time="0.0">
    <skipped message="void org.infosys.AppTest.testFail() is @Disabled"/>
  </testcase>
  <testcase name="testShow" classname="org.infosys.AppTest" time="0.001">
    <system-out><![CDATA[Hello World
]]></system-out>
  </testcase>
  <testcase name="testNullString" classname="org.infosys.AppTest" time="0.001"/>
  <testcase name="testMultiply" classname="org.infosys.AppTest" time="0.0"/>
</testsuite>